<?xml version="1.0" encoding="UTF-8"?>
<!-- Generated by org.testng.reporters.JUnitXMLReporter -->
<testsuite ignored="0" hostname="macOSs-iMac-Pro.local" failures="0" tests="3" name="Default test" time="67.055" errors="0" timestamp="2024-04-04T17:18:25 IST">
  <testcase classname="appium.REAutomation.BaseTest" name="EuropeBasicTest" time="20.768"/>
  <testcase classname="appium.REAutomation.EuropeB" name="signUp" time="30.789"/>
  <testcase classname="appium.REAutomation.EuropeB" name="addingRE" time="1.594"/>
</testsuite> <!-- Default test -->
