<?xml version="1.0" encoding="UTF-8"?>
<testng-results ignored="0" total="3" passed="3" failed="0" skipped="0">
  <reporter-output>
  </reporter-output>
  <suite started-at="2024-04-04T17:17:13 IST" name="Default suite" finished-at="2024-04-04T17:18:20 IST" duration-ms="67055">
    <groups>
    </groups>
    <test started-at="2024-04-04T17:17:13 IST" name="Default test" finished-at="2024-04-04T17:18:20 IST" duration-ms="67055">
      <class name="appium.REAutomation.EuropeB">
        <test-method is-config="true" signature="ConfigureAppium()[pri:0, instance:appium.REAutomation.EuropeB@25ce9dc4]" started-at="2024-04-04T17:17:13 IST" name="ConfigureAppium" finished-at="2024-04-04T17:17:23 IST" duration-ms="9857" status="PASS">
          <reporter-output>
          </reporter-output>
        </test-method> <!-- ConfigureAppium -->
        <test-method signature="EuropeBasicTest()[pri:0, instance:appium.REAutomation.EuropeB@25ce9dc4]" started-at="2024-04-04T17:17:23 IST" name="EuropeBasicTest" finished-at="2024-04-04T17:17:44 IST" duration-ms="20768" status="PASS">
          <reporter-output>
          </reporter-output>
        </test-method> <!-- EuropeBasicTest -->
        <test-method signature="signUp()[pri:1, instance:appium.REAutomation.EuropeB@25ce9dc4]" started-at="2024-04-04T17:17:44 IST" name="signUp" finished-at="2024-04-04T17:18:14 IST" duration-ms="30789" status="PASS">
          <reporter-output>
          </reporter-output>
        </test-method> <!-- signUp -->
        <test-method signature="addingRE()[pri:2, instance:appium.REAutomation.EuropeB@25ce9dc4]" started-at="2024-04-04T17:18:14 IST" name="addingRE" finished-at="2024-04-04T17:18:16 IST" duration-ms="1594" status="PASS">
          <reporter-output>
          </reporter-output>
        </test-method> <!-- addingRE -->
        <test-method is-config="true" signature="TearDown()[pri:0, instance:appium.REAutomation.EuropeB@25ce9dc4]" started-at="2024-04-04T17:18:16 IST" name="TearDown" finished-at="2024-04-04T17:18:20 IST" duration-ms="3968" status="PASS">
          <reporter-output>
          </reporter-output>
        </test-method> <!-- TearDown -->
      </class> <!-- appium.REAutomation.EuropeB -->
    </test> <!-- Default test -->
  </suite> <!-- Default suite -->
</testng-results>
